<?xml version="1.0" encoding="UTF-8"?>
<!-- Generated by org.testng.reporters.JUnitXMLReporter -->
<testsuite ignored="0" hostname="Dharani" failures="1" tests="1" name="Test" time="2170.279" errors="0" timestamp="2023-12-15T18:14:06 IST">
  <testcase classname="com.spicejet.tests.PaymentInfoTest" name="paymentInformation" time="2170.25">
    <failure type="java.lang.NoClassDefFoundError" message="com/spicejet/pages/PaymentPage">
      <![CDATA[java.lang.NoClassDefFoundError: com/spicejet/pages/PaymentPage
at com.spicejet.utils.Spicejetwrappers.addonPage(Spicejetwrappers.java:125)
at com.spicejet.tests.PaymentInfoTest.paymentInformation(PaymentInfoTest.java:24)
at java.base/java.util.ArrayList.forEach(ArrayList.java:1511)
Caused by: java.lang.ClassNotFoundException: com.spicejet.pages.PaymentPage
at java.base/jdk.internal.loader.BuiltinClassLoader.loadClass(BuiltinClassLoader.java:641)
at java.base/jdk.internal.loader.ClassLoaders$AppClassLoader.loadClass(ClassLoaders.java:188)
at java.base/java.lang.ClassLoader.loadClass(ClassLoader.java:525)
... 30 more
... Removed 27 stack frames]]>
    </failure>
  </testcase> <!-- paymentInformation -->
</testsuite> <!-- Test -->
